<?xml version="1.0" encoding="utf-8"?>
<test-run id="2" testcasecount="1" result="Passed" total="1" passed="1" failed="0" inconclusive="0" skipped="0" asserts="0" engine-version="3.5.0.0" clr-version="4.0.30319.42000" start-time="2026-07-15 03:17:51Z" end-time="2026-07-15 03:17:51Z" duration="0.0814921">
  <test-suite type="TestSuite" id="1000" name="Pet Offline" fullname="Pet Offline" runstate="Runnable" testcasecount="1" result="Passed" start-time="2026-07-15 03:17:51Z" end-time="2026-07-15 03:17:51Z" duration="0.081492" total="1" passed="1" failed="0" inconclusive="0" skipped="0" asserts="0">
    <properties>
      <property name="platform" value="EditMode" />
    </properties>
    <test-suite type="Assembly" id="1003" name="PetOffline.Tests.EditMode.dll" fullname="D:/UGit/PetOffline/Library/ScriptAssemblies/PetOffline.Tests.EditMode.dll" runstate="Runnable" testcasecount="1" result="Passed" start-time="2026-07-15 03:17:51Z" end-time="2026-07-15 03:17:51Z" duration="0.074254" total="1" passed="1" failed="0" inconclusive="0" skipped="0" asserts="0">
      <properties>
        <property name="_PID" value="3080" />
        <property name="_APPDOMAIN" value="Unity Child Domain" />
        <property name="platform" value="EditMode" />
        <property name="EditorOnly" value="True" />
      </properties>
      <test-suite type="TestSuite" id="1004" name="PetOffline" fullname="PetOffline" runstate="Runnable" testcasecount="1" result="Passed" start-time="2026-07-15 03:17:51Z" end-time="2026-07-15 03:17:51Z" duration="0.073517" total="1" passed="1" failed="0" inconclusive="0" skipped="0" asserts="0">
        <properties />
        <test-suite type="TestSuite" id="1005" name="Tests" fullname="PetOffline.Tests" runstate="Runnable" testcasecount="1" result="Passed" start-time="2026-07-15 03:17:51Z" end-time="2026-07-15 03:17:51Z" duration="0.073021" total="1" passed="1" failed="0" inconclusive="0" skipped="0" asserts="0">
          <properties />
          <test-suite type="TestSuite" id="1006" name="EditMode" fullname="PetOffline.Tests.EditMode" runstate="Runnable" testcasecount="1" result="Passed" start-time="2026-07-15 03:17:51Z" end-time="2026-07-15 03:17:51Z" duration="0.072323" total="1" passed="1" failed="0" inconclusive="0" skipped="0" asserts="0">
            <properties />
            <test-suite type="TestFixture" id="1001" name="ArchitectureBoundaryTests" fullname="PetOffline.Tests.EditMode.ArchitectureBoundaryTests" classname="PetOffline.Tests.EditMode.ArchitectureBoundaryTests" runstate="Runnable" testcasecount="1" result="Passed" start-time="2026-07-15 03:17:51Z" end-time="2026-07-15 03:17:51Z" duration="0.070588" total="1" passed="1" failed="0" inconclusive="0" skipped="0" asserts="0">
              <properties />
              <test-case id="1002" name="ProjectValidatorPasses" fullname="PetOffline.Tests.EditMode.ArchitectureBoundaryTests.ProjectValidatorPasses" methodname="ProjectValidatorPasses" classname="PetOffline.Tests.EditMode.ArchitectureBoundaryTests" runstate="Runnable" seed="965704305" result="Passed" start-time="2026-07-15 03:17:51Z" end-time="2026-07-15 03:17:51Z" duration="0.053717" asserts="0">
                <properties>
                  <property name="retryIteration" value="0" />
                  <property name="repeatIteration" value="0" />
                </properties>
                <output><![CDATA[Saving results to: C:/Users/pc/AppData/LocalLow/DefaultCompany/Pet Offline\TestResults.xml
]]></output>
              </test-case>
            </test-suite>
          </test-suite>
        </test-suite>
      </test-suite>
    </test-suite>
  </test-suite>
</test-run>