<?xml version="1.0" encoding="utf-8"?>
<test-run id="2" testcasecount="1" result="Passed" total="1" passed="1" failed="0" inconclusive="0" skipped="0" asserts="0" engine-version="3.5.0.0" clr-version="4.0.30319.42000" start-time="0001-01-01 00:00:00Z" end-time="0001-01-01 00:00:00Z" duration="2.1825208">
  <test-suite type="TestSuite" id="1000" name="Pet Offline" fullname="Pet Offline" runstate="Runnable" testcasecount="33" result="Passed" start-time="2026-07-15 15:09:26Z" end-time="2026-07-15 15:09:28Z" duration="2.182521" total="1" passed="1" failed="0" inconclusive="0" skipped="0" asserts="0"><properties><property name="platform" value="PlayMode"></property></properties><test-suite type="Assembly" id="1039" name="PetOffline.Tests.PlayMode.dll" fullname="D:/UGit/PetOffline/Artifacts/CrossProcessContinue/PetOfflineTests.exe/PlayerWithTests/PlayerWithTests_Data/Managed/PetOffline.Tests.PlayMode.dll" runstate="Runnable" testcasecount="33" result="Passed" start-time="2026-07-15 15:09:26Z" end-time="2026-07-15 15:09:28Z" duration="2.170931" total="1" passed="1" failed="0" inconclusive="0" skipped="0" asserts="0"><properties><property name="_PID" value="48372"></property><property name="_APPDOMAIN" value="Unity Root Domain"></property><property name="platform" value="PlayMode"></property><property name="EditorOnly" value="False"></property></properties><test-suite type="TestSuite" id="1040" name="PetOffline" fullname="PetOffline" runstate="Runnable" testcasecount="33" result="Passed" start-time="2026-07-15 15:09:26Z" end-time="2026-07-15 15:09:28Z" duration="2.167900" total="1" passed="1" failed="0" inconclusive="0" skipped="0" asserts="0"><properties></properties><test-suite type="TestSuite" id="1041" name="Tests" fullname="PetOffline.Tests" runstate="Runnable" testcasecount="33" result="Passed" start-time="2026-07-15 15:09:26Z" end-time="2026-07-15 15:09:28Z" duration="2.153540" total="1" passed="1" failed="0" inconclusive="0" skipped="0" asserts="0"><properties></properties><test-suite type="TestSuite" id="1042" name="PlayMode" fullname="PetOffline.Tests.PlayMode" runstate="Runnable" testcasecount="33" result="Passed" start-time="2026-07-15 15:09:26Z" end-time="2026-07-15 15:09:28Z" duration="2.136178" total="1" passed="1" failed="0" inconclusive="0" skipped="0" asserts="0"><properties></properties><test-suite type="TestFixture" id="1031" name="FullTitleToEndingSmokeTests" fullname="PetOffline.Tests.PlayMode.FullTitleToEndingSmokeTests" classname="PetOffline.Tests.PlayMode.FullTitleToEndingSmokeTests" runstate="Runnable" testcasecount="2" result="Passed" start-time="2026-07-15 15:09:26Z" end-time="2026-07-15 15:09:28Z" duration="2.119005" total="1" passed="1" failed="0" inconclusive="0" skipped="0" asserts="0"><properties></properties><test-case id="1033" name="ProductionSavedContinueReachesRestoreEndingAndVisibleRestartLoadsDayOne" fullname="PetOffline.Tests.PlayMode.FullTitleToEndingSmokeTests.ProductionSavedContinueReachesRestoreEndingAndVisibleRestartLoadsDayOne" methodname="ProductionSavedContinueReachesRestoreEndingAndVisibleRestartLoadsDayOne" classname="PetOffline.Tests.PlayMode.FullTitleToEndingSmokeTests" runstate="Runnable" seed="1564696002" result="Passed" start-time="2026-07-15 15:09:26Z" end-time="2026-07-15 15:09:28Z" duration="2.099737" asserts="0"><properties><property name="_JOINTYPE" value="UnityCombinatorial"></property><property name="retryIteration" value="0"></property><property name="repeatIteration" value="0"></property></properties></test-case></test-suite></test-suite></test-suite></test-suite></test-suite></test-suite>
</test-run>